0 info it worked if it ends with ok
1 verbose cli [ 'c:\\Program Files\\nodejs\\node.exe',
1 verbose cli   'c:\\Program Files\\nodejs\\node_modules\\npm\\bin\\npm-cli.js',
1 verbose cli   'update',
1 verbose cli   '-g',
1 verbose cli   'phonegap' ]
2 info using npm@2.5.1
3 info using node@v0.12.1
4 info outdated updating undefined
5 verbose stack Error: Failed to parse json
5 verbose stack Unexpected end of input
5 verbose stack     at parseError (c:\Program Files\nodejs\node_modules\npm\node_modules\read-package-json\read-json.js:378:25)
5 verbose stack     at parseJson (c:\Program Files\nodejs\node_modules\npm\node_modules\read-package-json\read-json.js:85:51)
5 verbose stack     at c:\Program Files\nodejs\node_modules\npm\node_modules\read-package-json\read-json.js:59:33
5 verbose stack     at evalmachine.<anonymous>:336:14
5 verbose stack     at c:\Program Files\nodejs\node_modules\npm\node_modules\graceful-fs\graceful-fs.js:102:5
5 verbose stack     at FSReqWrap.oncomplete (evalmachine.<anonymous>:99:15)
6 verbose cwd c:\Users\Warren\workspace\cordova\weathertest04
7 error Windows_NT 6.3.9600
8 error argv "c:\\Program Files\\nodejs\\node.exe" "c:\\Program Files\\nodejs\\node_modules\\npm\\bin\\npm-cli.js" "update" "-g" "phonegap"
9 error node v0.12.1
10 error npm  v2.5.1
11 error file C:\Users\Warren\AppData\Roaming\npm\node_modules\css-sprite\package.json
12 error code EJSONPARSE
13 error Failed to parse json
13 error Unexpected end of input
14 error File: C:\Users\Warren\AppData\Roaming\npm\node_modules\css-sprite\package.json
15 error Failed to parse package.json data.
15 error package.json must be actual JSON, not just JavaScript.
15 error
15 error This is not a bug in npm.
15 error Tell the package author to fix their package.json file. JSON.parse
16 verbose exit [ 1, true ]
